{"level":"info","time":"2026-02-10T21:28:50.589+0800","line":"/home/Project_advanced_pledge/pledge-backend/db/mysql.go:16","msg":"Init Mysql","serviceName":"pledge"}
{"level":"panic","time":"2026-02-10T21:28:50.590+0800","line":"/home/Project_advanced_pledge/pledge-backend/db/mysql.go:37","msg":"mysql connention error ==>  dial tcp 127.0.0.1:33009: connect: connection refused","serviceName":"pledge"}
{"level":"info","time":"2026-02-10T21:39:40.115+0800","line":"/home/Project_advanced_pledge/pledge-backend/db/mysql.go:16","msg":"Init Mysql","serviceName":"pledge"}
{"level":"panic","time":"2026-02-10T21:39:40.117+0800","line":"/home/Project_advanced_pledge/pledge-backend/db/mysql.go:37","msg":"mysql connention error ==>  dial tcp 127.0.0.1:33006: connect: connection refused","serviceName":"pledge"}
{"level":"info","time":"2026-02-10T21:40:24.014+0800","line":"/home/Project_advanced_pledge/pledge-backend/db/mysql.go:16","msg":"Init Mysql","serviceName":"pledge"}
{"level":"panic","time":"2026-02-10T21:40:24.039+0800","line":"/home/Project_advanced_pledge/pledge-backend/db/mysql.go:37","msg":"mysql connention error ==>  Error 1045: Access denied for user 'pledge_v21'@'172.18.0.1' (using password: YES)","serviceName":"pledge"}
{"level":"info","time":"2026-02-10T21:40:25.913+0800","line":"/home/Project_advanced_pledge/pledge-backend/db/mysql.go:16","msg":"Init Mysql","serviceName":"pledge"}
{"level":"panic","time":"2026-02-10T21:40:25.917+0800","line":"/home/Project_advanced_pledge/pledge-backend/db/mysql.go:37","msg":"mysql connention error ==>  Error 1045: Access denied for user 'pledge_v21'@'172.18.0.1' (using password: YES)","serviceName":"pledge"}
{"level":"info","time":"2026-02-10T21:51:24.100+0800","line":"/home/Project_advanced_pledge/pledge-backend/db/mysql.go:16","msg":"Init Mysql","serviceName":"pledge"}
{"level":"panic","time":"2026-02-10T21:51:24.104+0800","line":"/home/Project_advanced_pledge/pledge-backend/db/mysql.go:37","msg":"mysql connention error ==>  dial tcp 127.0.0.1:3307: connect: connection refused","serviceName":"pledge"}
{"level":"info","time":"2026-02-10T21:56:28.360+0800","line":"/home/Project_advanced_pledge/pledge-backend/db/mysql.go:16","msg":"Init Mysql","serviceName":"pledge"}
{"level":"info","time":"2026-02-10T21:56:28.369+0800","line":"/home/Project_advanced_pledge/pledge-backend/db/redis.go:15","msg":"Init Redis","serviceName":"pledge"}
{"level":"info","time":"2026-02-10T21:58:32.202+0800","line":"/home/Project_advanced_pledge/pledge-backend/db/mysql.go:16","msg":"Init Mysql","serviceName":"pledge"}
{"level":"info","time":"2026-02-10T21:58:32.204+0800","line":"/home/Project_advanced_pledge/pledge-backend/db/redis.go:15","msg":"Init Redis","serviceName":"pledge"}
{"level":"info","time":"2026-02-10T21:58:43.208+0800","line":"/home/Project_advanced_pledge/pledge-backend/db/mysql.go:16","msg":"Init Mysql","serviceName":"pledge"}
{"level":"info","time":"2026-02-10T21:58:43.210+0800","line":"/home/Project_advanced_pledge/pledge-backend/db/redis.go:15","msg":"Init Redis","serviceName":"pledge"}
{"level":"info","time":"2026-02-10T21:58:59.053+0800","line":"/home/Project_advanced_pledge/pledge-backend/db/mysql.go:16","msg":"Init Mysql","serviceName":"pledge"}
{"level":"info","time":"2026-02-10T21:58:59.056+0800","line":"/home/Project_advanced_pledge/pledge-backend/db/redis.go:15","msg":"Init Redis","serviceName":"pledge"}
{"level":"info","time":"2026-02-10T22:02:22.414+0800","line":"/home/Project_advanced_pledge/pledge-backend/db/mysql.go:16","msg":"Init Mysql","serviceName":"pledge"}
{"level":"info","time":"2026-02-10T22:02:22.416+0800","line":"/home/Project_advanced_pledge/pledge-backend/db/redis.go:15","msg":"Init Redis","serviceName":"pledge"}
{"level":"info","time":"2026-02-10T22:02:22.509+0800","line":"/home/Project_advanced_pledge/pledge-backend/api/models/ws/ws.go:118","msg":"WsServer start","serviceName":"pledge"}
{"level":"info","time":"2026-02-10T22:02:22.509+0800","line":"/home/Project_advanced_pledge/pledge-backend/api/models/kucoin/kucoin.go:17","msg":"GetExchangePrice ","serviceName":"pledge"}
{"level":"error","time":"2026-02-10T22:02:22.510+0800","line":"/home/Project_advanced_pledge/pledge-backend/api/models/kucoin/kucoin.go:22","msg":"get plgr price from redis err redigo: nil returned","serviceName":"pledge"}
{"level":"info","time":"2026-02-10T22:20:43.689+0800","line":"/home/Project_advanced_pledge/pledge-backend/db/mysql.go:16","msg":"Init Mysql","serviceName":"pledge"}
{"level":"info","time":"2026-02-10T22:20:43.700+0800","line":"/home/Project_advanced_pledge/pledge-backend/db/redis.go:15","msg":"Init Redis","serviceName":"pledge"}
{"level":"info","time":"2026-02-10T22:20:43.819+0800","line":"/home/Project_advanced_pledge/pledge-backend/api/models/ws/ws.go:118","msg":"WsServer start","serviceName":"pledge"}
{"level":"info","time":"2026-02-10T22:20:43.819+0800","line":"/home/Project_advanced_pledge/pledge-backend/api/models/kucoin/kucoin.go:17","msg":"GetExchangePrice ","serviceName":"pledge"}
{"level":"error","time":"2026-02-10T22:20:43.820+0800","line":"/home/Project_advanced_pledge/pledge-backend/api/models/kucoin/kucoin.go:22","msg":"get plgr price from redis err redigo: nil returned","serviceName":"pledge"}
{"level":"info","time":"2026-02-10T22:21:26.493+0800","line":"/home/Project_advanced_pledge/pledge-backend/db/mysql.go:16","msg":"Init Mysql","serviceName":"pledge"}
{"level":"info","time":"2026-02-10T22:21:26.496+0800","line":"/home/Project_advanced_pledge/pledge-backend/db/redis.go:15","msg":"Init Redis","serviceName":"pledge"}
{"level":"error","time":"2026-02-10T22:21:26.889+0800","line":"/home/Project_advanced_pledge/pledge-backend/schedule/common/common.go:16","msg":"environment variable is not set","serviceName":"pledge"}
{"level":"error","time":"2026-02-10T22:25:56.376+0800","line":"/home/Project_advanced_pledge/pledge-backend/api/models/kucoin/kucoin.go:66","msg":"Error: websocket: close 1006 (abnormal closure): unexpected EOF","serviceName":"pledge"}
{"level":"info","time":"2026-02-10T22:28:58.808+0800","line":"/home/Project_advanced_pledge/pledge-backend/db/mysql.go:16","msg":"Init Mysql","serviceName":"pledge"}
{"level":"info","time":"2026-02-10T22:28:58.812+0800","line":"/home/Project_advanced_pledge/pledge-backend/db/redis.go:15","msg":"Init Redis","serviceName":"pledge"}
{"level":"error","time":"2026-02-10T22:28:58.858+0800","line":"/home/Project_advanced_pledge/pledge-backend/schedule/common/common.go:16","msg":"environment variable is not set","serviceName":"pledge"}
{"level":"info","time":"2026-02-10T22:29:22.165+0800","line":"/home/Project_advanced_pledge/pledge-backend/db/mysql.go:16","msg":"Init Mysql","serviceName":"pledge"}
{"level":"info","time":"2026-02-10T22:29:22.167+0800","line":"/home/Project_advanced_pledge/pledge-backend/db/redis.go:15","msg":"Init Redis","serviceName":"pledge"}
{"level":"error","time":"2026-02-10T22:29:22.211+0800","line":"/home/Project_advanced_pledge/pledge-backend/schedule/common/common.go:16","msg":"environment variable is not set","serviceName":"pledge"}
{"level":"info","time":"2026-02-10T22:29:43.677+0800","line":"/home/Project_advanced_pledge/pledge-backend/db/mysql.go:16","msg":"Init Mysql","serviceName":"pledge"}
{"level":"info","time":"2026-02-10T22:29:43.680+0800","line":"/home/Project_advanced_pledge/pledge-backend/db/redis.go:15","msg":"Init Redis","serviceName":"pledge"}
{"level":"error","time":"2026-02-10T22:29:43.720+0800","line":"/home/Project_advanced_pledge/pledge-backend/schedule/common/common.go:16","msg":"environment variable is not set","serviceName":"pledge"}
{"level":"info","time":"2026-02-10T22:34:00.357+0800","line":"/home/Project_advanced_pledge/pledge-backend/db/mysql.go:16","msg":"Init Mysql","serviceName":"pledge"}
{"level":"info","time":"2026-02-10T22:34:00.361+0800","line":"/home/Project_advanced_pledge/pledge-backend/db/redis.go:15","msg":"Init Redis","serviceName":"pledge"}
{"level":"error","time":"2026-02-10T22:34:00.403+0800","line":"/home/Project_advanced_pledge/pledge-backend/schedule/common/common.go:16","msg":"environment variable is not set","serviceName":"pledge"}
{"level":"info","time":"2026-02-10T22:34:19.085+0800","line":"/home/Project_advanced_pledge/pledge-backend/db/mysql.go:16","msg":"Init Mysql","serviceName":"pledge"}
{"level":"info","time":"2026-02-10T22:34:19.088+0800","line":"/home/Project_advanced_pledge/pledge-backend/db/redis.go:15","msg":"Init Redis","serviceName":"pledge"}
{"level":"error","time":"2026-02-10T22:34:19.132+0800","line":"/home/Project_advanced_pledge/pledge-backend/schedule/common/common.go:16","msg":"environment variable is not set","serviceName":"pledge"}
{"level":"info","time":"2026-02-10T22:35:19.220+0800","line":"/home/Project_advanced_pledge/pledge-backend/db/mysql.go:16","msg":"Init Mysql","serviceName":"pledge"}
{"level":"info","time":"2026-02-10T22:35:19.223+0800","line":"/home/Project_advanced_pledge/pledge-backend/db/redis.go:15","msg":"Init Redis","serviceName":"pledge"}
{"level":"error","time":"2026-02-10T22:35:19.277+0800","line":"/home/Project_advanced_pledge/pledge-backend/schedule/common/common.go:16","msg":"environment variable is not set","serviceName":"pledge"}
{"level":"info","time":"2026-02-10T22:35:44.166+0800","line":"/home/Project_advanced_pledge/pledge-backend/db/mysql.go:16","msg":"Init Mysql","serviceName":"pledge"}
{"level":"info","time":"2026-02-10T22:35:44.168+0800","line":"/home/Project_advanced_pledge/pledge-backend/db/redis.go:15","msg":"Init Redis","serviceName":"pledge"}
{"level":"info","time":"2026-02-10T22:35:44.216+0800","line":"/home/Project_advanced_pledge/pledge-backend/schedule/services/poolService.go:34","msg":"UpdatePoolInfo 0x216f718A983FCCb462b338FA9c60f2A89199490c https://data-seed-prebsc-1-s1.binance.org:8545","serviceName":"pledge"}
{"level":"info","time":"2026-02-10T22:35:48.201+0800","line":"/home/Project_advanced_pledge/pledge-backend/schedule/services/poolService.go:61","msg":"UpdatePoolInfo 0","serviceName":"pledge"}
{"level":"info","time":"2026-02-10T22:35:48.653+0800","line":"/home/Project_advanced_pledge/pledge-backend/schedule/services/poolService.go:61","msg":"UpdatePoolInfo 1","serviceName":"pledge"}
{"level":"info","time":"2026-02-10T22:35:49.374+0800","line":"/home/Project_advanced_pledge/pledge-backend/schedule/services/poolService.go:61","msg":"UpdatePoolInfo 2","serviceName":"pledge"}
{"level":"info","time":"2026-02-10T22:35:50.060+0800","line":"/home/Project_advanced_pledge/pledge-backend/schedule/services/poolService.go:61","msg":"UpdatePoolInfo 3","serviceName":"pledge"}
{"level":"info","time":"2026-02-10T22:35:52.293+0800","line":"/home/Project_advanced_pledge/pledge-backend/schedule/services/poolService.go:61","msg":"UpdatePoolInfo 4","serviceName":"pledge"}
{"level":"info","time":"2026-02-10T22:35:56.125+0800","line":"/home/Project_advanced_pledge/pledge-backend/schedule/services/balanceMonitor.go:95","msg":"balance not enough 0x216f718A983FCCb462b338FA9c60f2A89199490c TBNB 0 0.1","serviceName":"pledge"}
{"level":"error","time":"2026-02-10T22:36:01.325+0800","line":"/home/Project_advanced_pledge/pledge-backend/schedule/services/balanceMonitor.go:36","msg":"535 5.7.8 Username and Password not accepted. For more information, go to\n5.7.8  https://support.google.com/mail/?p=BadCredentials 98e67ed59e1d1-35662eedc6csm2984524a91.17 - gsmtp","serviceName":"pledge"}
{"level":"error","time":"2026-02-10T22:36:01.325+0800","line":"/home/Project_advanced_pledge/pledge-backend/schedule/services/tokenPriceService.go:282","msg":"invalid hex character 'x' in private key","serviceName":"pledge"}
{"level":"info","time":"2026-02-10T22:36:02.326+0800","line":"/home/Project_advanced_pledge/pledge-backend/schedule/services/poolService.go:34","msg":"UpdatePoolInfo 0x216f718A983FCCb462b338FA9c60f2A89199490c https://data-seed-prebsc-1-s1.binance.org:8545","serviceName":"pledge"}
{"level":"error","time":"2026-02-10T22:36:02.326+0800","line":"/home/Project_advanced_pledge/pledge-backend/schedule/services/tokenPriceService.go:282","msg":"invalid hex character 'x' in private key","serviceName":"pledge"}
{"level":"info","time":"2026-02-10T22:36:02.528+0800","line":"/home/Project_advanced_pledge/pledge-backend/schedule/services/balanceMonitor.go:95","msg":"balance not enough 0x216f718A983FCCb462b338FA9c60f2A89199490c TBNB 0 0.1","serviceName":"pledge"}
{"level":"info","time":"2026-02-10T22:36:03.194+0800","line":"/home/Project_advanced_pledge/pledge-backend/schedule/services/poolService.go:61","msg":"UpdatePoolInfo 0","serviceName":"pledge"}
{"level":"info","time":"2026-02-10T22:36:04.128+0800","line":"/home/Project_advanced_pledge/pledge-backend/schedule/services/poolService.go:61","msg":"UpdatePoolInfo 1","serviceName":"pledge"}
{"level":"error","time":"2026-02-10T22:36:04.259+0800","line":"/home/Project_advanced_pledge/pledge-backend/schedule/services/tokenSymbolService.go:98","msg":"get remote abi file failed: status 0 {\"status\":\"0\",\"message\":\"NOTOK\",\"result\":\"You are using a deprecated V1 endpoint, switch to Etherscan API V2 using https://docs.etherscan.io/v2-migration\"}","serviceName":"pledge"}
{"level":"error","time":"2026-02-10T22:36:04.259+0800","line":"/home/Project_advanced_pledge/pledge-backend/schedule/services/tokenSymbolService.go:45","msg":"UpdateContractSymbol GetRemoteAbiFileByToken err ADA56get remote abi file failed: status 0 ","serviceName":"pledge"}
{"level":"info","time":"2026-02-10T22:36:04.629+0800","line":"/home/Project_advanced_pledge/pledge-backend/schedule/services/poolService.go:61","msg":"UpdatePoolInfo 2","serviceName":"pledge"}
{"level":"error","time":"2026-02-10T22:36:04.722+0800","line":"/home/Project_advanced_pledge/pledge-backend/schedule/services/tokenSymbolService.go:98","msg":"get remote abi file failed: status 0 {\"status\":\"0\",\"message\":\"NOTOK\",\"result\":\"You are using a deprecated V1 endpoint, switch to Etherscan API V2 using https://docs.etherscan.io/v2-migration\"}","serviceName":"pledge"}
{"level":"error","time":"2026-02-10T22:36:04.723+0800","line":"/home/Project_advanced_pledge/pledge-backend/schedule/services/tokenSymbolService.go:45","msg":"UpdateContractSymbol GetRemoteAbiFileByToken err ALICE56get remote abi file failed: status 0 ","serviceName":"pledge"}
{"level":"error","time":"2026-02-10T22:36:05.143+0800","line":"/home/Project_advanced_pledge/pledge-backend/schedule/services/tokenSymbolService.go:98","msg":"get remote abi file failed: status 0 {\"status\":\"0\",\"message\":\"NOTOK\",\"result\":\"You are using a deprecated V1 endpoint, switch to Etherscan API V2 using https://docs.etherscan.io/v2-migration\"}","serviceName":"pledge"}
{"level":"error","time":"2026-02-10T22:36:05.144+0800","line":"/home/Project_advanced_pledge/pledge-backend/schedule/services/tokenSymbolService.go:45","msg":"UpdateContractSymbol GetRemoteAbiFileByToken err ALIX56get remote abi file failed: status 0 ","serviceName":"pledge"}
{"level":"error","time":"2026-02-10T22:36:05.508+0800","line":"/home/Project_advanced_pledge/pledge-backend/schedule/services/tokenSymbolService.go:98","msg":"get remote abi file failed: status 0 {\"status\":\"0\",\"message\":\"NOTOK\",\"result\":\"You are using a deprecated V1 endpoint, switch to Etherscan API V2 using https://docs.etherscan.io/v2-migration\"}","serviceName":"pledge"}
{"level":"error","time":"2026-02-10T22:36:05.508+0800","line":"/home/Project_advanced_pledge/pledge-backend/schedule/services/tokenSymbolService.go:45","msg":"UpdateContractSymbol GetRemoteAbiFileByToken err ALPHA56get remote abi file failed: status 0 ","serviceName":"pledge"}
{"level":"info","time":"2026-02-10T22:36:05.600+0800","line":"/home/Project_advanced_pledge/pledge-backend/schedule/services/poolService.go:61","msg":"UpdatePoolInfo 3","serviceName":"pledge"}
{"level":"info","time":"2026-02-10T22:36:06.290+0800","line":"/home/Project_advanced_pledge/pledge-backend/schedule/services/poolService.go:61","msg":"UpdatePoolInfo 4","serviceName":"pledge"}
{"level":"error","time":"2026-02-10T22:36:06.997+0800","line":"/home/Project_advanced_pledge/pledge-backend/schedule/services/tokenSymbolService.go:98","msg":"get remote abi file failed: status 0 {\"status\":\"0\",\"message\":\"NOTOK\",\"result\":\"You are using a deprecated V1 endpoint, switch to Etherscan API V2 using https://docs.etherscan.io/v2-migration\"}","serviceName":"pledge"}
{"level":"error","time":"2026-02-10T22:36:06.997+0800","line":"/home/Project_advanced_pledge/pledge-backend/schedule/services/tokenSymbolService.go:45","msg":"UpdateContractSymbol GetRemoteAbiFileByToken err ALU56get remote abi file failed: status 0 ","serviceName":"pledge"}
{"level":"error","time":"2026-02-10T22:36:07.672+0800","line":"/home/Project_advanced_pledge/pledge-backend/schedule/services/tokenSymbolService.go:98","msg":"get remote abi file failed: status 0 {\"status\":\"0\",\"message\":\"NOTOK\",\"result\":\"You are using a deprecated V1 endpoint, switch to Etherscan API V2 using https://docs.etherscan.io/v2-migration\"}","serviceName":"pledge"}
{"level":"error","time":"2026-02-10T22:36:07.672+0800","line":"/home/Project_advanced_pledge/pledge-backend/schedule/services/tokenSymbolService.go:45","msg":"UpdateContractSymbol GetRemoteAbiFileByToken err ATA56get remote abi file failed: status 0 ","serviceName":"pledge"}
{"level":"error","time":"2026-02-10T22:36:08.090+0800","line":"/home/Project_advanced_pledge/pledge-backend/schedule/services/tokenSymbolService.go:98","msg":"get remote abi file failed: status 0 {\"status\":\"0\",\"message\":\"NOTOK\",\"result\":\"You are using a deprecated V1 endpoint, switch to Etherscan API V2 using https://docs.etherscan.io/v2-migration\"}","serviceName":"pledge"}
{"level":"error","time":"2026-02-10T22:36:08.090+0800","line":"/home/Project_advanced_pledge/pledge-backend/schedule/services/tokenSymbolService.go:45","msg":"UpdateContractSymbol GetRemoteAbiFileByToken err ATOM56get remote abi file failed: status 0 ","serviceName":"pledge"}
{"level":"error","time":"2026-02-10T22:36:08.445+0800","line":"/home/Project_advanced_pledge/pledge-backend/schedule/services/tokenSymbolService.go:98","msg":"get remote abi file failed: status 0 {\"status\":\"0\",\"message\":\"NOTOK\",\"result\":\"You are using a deprecated V1 endpoint, switch to Etherscan API V2 using https://docs.etherscan.io/v2-migration\"}","serviceName":"pledge"}
{"level":"error","time":"2026-02-10T22:36:08.445+0800","line":"/home/Project_advanced_pledge/pledge-backend/schedule/services/tokenSymbolService.go:45","msg":"UpdateContractSymbol GetRemoteAbiFileByToken err AXS56get remote abi file failed: status 0 ","serviceName":"pledge"}
{"level":"error","time":"2026-02-10T22:36:08.796+0800","line":"/home/Project_advanced_pledge/pledge-backend/schedule/services/balanceMonitor.go:36","msg":"535 5.7.8 Username and Password not accepted. For more information, go to\n5.7.8  https://support.google.com/mail/?p=BadCredentials d2e1a72fcca58-824587621dasm10290187b3a.54 - gsmtp","serviceName":"pledge"}
{"level":"error","time":"2026-02-10T22:36:09.148+0800","line":"/home/Project_advanced_pledge/pledge-backend/schedule/services/tokenSymbolService.go:98","msg":"get remote abi file failed: status 0 {\"status\":\"0\",\"message\":\"NOTOK\",\"result\":\"You are using a deprecated V1 endpoint, switch to Etherscan API V2 using https://docs.etherscan.io/v2-migration\"}","serviceName":"pledge"}
{"level":"error","time":"2026-02-10T22:36:09.148+0800","line":"/home/Project_advanced_pledge/pledge-backend/schedule/services/tokenSymbolService.go:45","msg":"UpdateContractSymbol GetRemoteAbiFileByToken err BABYDOGE56get remote abi file failed: status 0 ","serviceName":"pledge"}
{"level":"error","time":"2026-02-10T22:36:09.790+0800","line":"/home/Project_advanced_pledge/pledge-backend/schedule/services/tokenSymbolService.go:98","msg":"get remote abi file failed: status 0 {\"status\":\"0\",\"message\":\"NOTOK\",\"result\":\"You are using a deprecated V1 endpoint, switch to Etherscan API V2 using https://docs.etherscan.io/v2-migration\"}","serviceName":"pledge"}
{"level":"error","time":"2026-02-10T22:36:09.790+0800","line":"/home/Project_advanced_pledge/pledge-backend/schedule/services/tokenSymbolService.go:45","msg":"UpdateContractSymbol GetRemoteAbiFileByToken err BEAR56get remote abi file failed: status 0 ","serviceName":"pledge"}
{"level":"error","time":"2026-02-10T22:36:10.170+0800","line":"/home/Project_advanced_pledge/pledge-backend/schedule/services/tokenSymbolService.go:98","msg":"get remote abi file failed: status 0 {\"status\":\"0\",\"message\":\"NOTOK\",\"result\":\"You are using a deprecated V1 endpoint, switch to Etherscan API V2 using https://docs.etherscan.io/v2-migration\"}","serviceName":"pledge"}
{"level":"error","time":"2026-02-10T22:36:10.170+0800","line":"/home/Project_advanced_pledge/pledge-backend/schedule/services/tokenSymbolService.go:45","msg":"UpdateContractSymbol GetRemoteAbiFileByToken err BEL56get remote abi file failed: status 0 ","serviceName":"pledge"}
{"level":"error","time":"2026-02-10T22:36:10.845+0800","line":"/home/Project_advanced_pledge/pledge-backend/schedule/services/tokenSymbolService.go:98","msg":"get remote abi file failed: status 0 {\"status\":\"0\",\"message\":\"NOTOK\",\"result\":\"You are using a deprecated V1 endpoint, switch to Etherscan API V2 using https://docs.etherscan.io/v2-migration\"}","serviceName":"pledge"}
{"level":"error","time":"2026-02-10T22:36:10.845+0800","line":"/home/Project_advanced_pledge/pledge-backend/schedule/services/tokenSymbolService.go:45","msg":"UpdateContractSymbol GetRemoteAbiFileByToken err BELT56get remote abi file failed: status 0 ","serviceName":"pledge"}
{"level":"error","time":"2026-02-10T22:36:11.480+0800","line":"/home/Project_advanced_pledge/pledge-backend/schedule/services/tokenSymbolService.go:98","msg":"get remote abi file failed: status 0 {\"status\":\"0\",\"message\":\"NOTOK\",\"result\":\"You are using a deprecated V1 endpoint, switch to Etherscan API V2 using https://docs.etherscan.io/v2-migration\"}","serviceName":"pledge"}
{"level":"error","time":"2026-02-10T22:36:11.480+0800","line":"/home/Project_advanced_pledge/pledge-backend/schedule/services/tokenSymbolService.go:45","msg":"UpdateContractSymbol GetRemoteAbiFileByToken err BIN56get remote abi file failed: status 0 ","serviceName":"pledge"}
{"level":"error","time":"2026-02-10T22:36:11.852+0800","line":"/home/Project_advanced_pledge/pledge-backend/schedule/services/tokenSymbolService.go:98","msg":"get remote abi file failed: status 0 {\"status\":\"0\",\"message\":\"NOTOK\",\"result\":\"You are using a deprecated V1 endpoint, switch to Etherscan API V2 using https://docs.etherscan.io/v2-migration\"}","serviceName":"pledge"}
{"level":"error","time":"2026-02-10T22:36:11.852+0800","line":"/home/Project_advanced_pledge/pledge-backend/schedule/services/tokenSymbolService.go:45","msg":"UpdateContractSymbol GetRemoteAbiFileByToken err BMON56get remote abi file failed: status 0 ","serviceName":"pledge"}
{"level":"error","time":"2026-02-10T22:36:12.230+0800","line":"/home/Project_advanced_pledge/pledge-backend/schedule/services/tokenSymbolService.go:98","msg":"get remote abi file failed: status 0 {\"status\":\"0\",\"message\":\"NOTOK\",\"result\":\"You are using a deprecated V1 endpoint, switch to Etherscan API V2 using https://docs.etherscan.io/v2-migration\"}","serviceName":"pledge"}
{"level":"error","time":"2026-02-10T22:36:12.230+0800","line":"/home/Project_advanced_pledge/pledge-backend/schedule/services/tokenSymbolService.go:45","msg":"UpdateContractSymbol GetRemoteAbiFileByToken err BNX56get remote abi file failed: status 0 ","serviceName":"pledge"}
{"level":"error","time":"2026-02-10T22:36:12.887+0800","line":"/home/Project_advanced_pledge/pledge-backend/schedule/services/tokenSymbolService.go:98","msg":"get remote abi file failed: status 0 {\"status\":\"0\",\"message\":\"NOTOK\",\"result\":\"You are using a deprecated V1 endpoint, switch to Etherscan API V2 using https://docs.etherscan.io/v2-migration\"}","serviceName":"pledge"}
{"level":"error","time":"2026-02-10T22:36:12.887+0800","line":"/home/Project_advanced_pledge/pledge-backend/schedule/services/tokenSymbolService.go:45","msg":"UpdateContractSymbol GetRemoteAbiFileByToken err BP56get remote abi file failed: status 0 ","serviceName":"pledge"}
{"level":"error","time":"2026-02-10T22:36:13.280+0800","line":"/home/Project_advanced_pledge/pledge-backend/schedule/services/tokenSymbolService.go:98","msg":"get remote abi file failed: status 0 {\"status\":\"0\",\"message\":\"NOTOK\",\"result\":\"You are using a deprecated V1 endpoint, switch to Etherscan API V2 using https://docs.etherscan.io/v2-migration\"}","serviceName":"pledge"}
{"level":"error","time":"2026-02-10T22:36:13.280+0800","line":"/home/Project_advanced_pledge/pledge-backend/schedule/services/tokenSymbolService.go:45","msg":"UpdateContractSymbol GetRemoteAbiFileByToken err BSCPAD56get remote abi file failed: status 0 ","serviceName":"pledge"}
{"level":"error","time":"2026-02-10T22:36:13.643+0800","line":"/home/Project_advanced_pledge/pledge-backend/schedule/services/tokenSymbolService.go:98","msg":"get remote abi file failed: status 0 {\"status\":\"0\",\"message\":\"NOTOK\",\"result\":\"You are using a deprecated V1 endpoint, switch to Etherscan API V2 using https://docs.etherscan.io/v2-migration\"}","serviceName":"pledge"}
{"level":"error","time":"2026-02-10T22:36:13.643+0800","line":"/home/Project_advanced_pledge/pledge-backend/schedule/services/tokenSymbolService.go:45","msg":"UpdateContractSymbol GetRemoteAbiFileByToken err BTTOLD56get remote abi file failed: status 0 ","serviceName":"pledge"}
{"level":"error","time":"2026-02-10T22:36:14.021+0800","line":"/home/Project_advanced_pledge/pledge-backend/schedule/services/tokenSymbolService.go:98","msg":"get remote abi file failed: status 0 {\"status\":\"0\",\"message\":\"NOTOK\",\"result\":\"You are using a deprecated V1 endpoint, switch to Etherscan API V2 using https://docs.etherscan.io/v2-migration\"}","serviceName":"pledge"}
{"level":"error","time":"2026-02-10T22:36:14.021+0800","line":"/home/Project_advanced_pledge/pledge-backend/schedule/services/tokenSymbolService.go:45","msg":"UpdateContractSymbol GetRemoteAbiFileByToken err C9856get remote abi file failed: status 0 ","serviceName":"pledge"}
{"level":"error","time":"2026-02-10T22:36:14.378+0800","line":"/home/Project_advanced_pledge/pledge-backend/schedule/services/tokenSymbolService.go:98","msg":"get remote abi file failed: status 0 {\"status\":\"0\",\"message\":\"NOTOK\",\"result\":\"You are using a deprecated V1 endpoint, switch to Etherscan API V2 using https://docs.etherscan.io/v2-migration\"}","serviceName":"pledge"}
{"level":"error","time":"2026-02-10T22:36:14.378+0800","line":"/home/Project_advanced_pledge/pledge-backend/schedule/services/tokenSymbolService.go:45","msg":"UpdateContractSymbol GetRemoteAbiFileByToken err CHESS56get remote abi file failed: status 0 ","serviceName":"pledge"}
{"level":"error","time":"2026-02-10T22:36:14.730+0800","line":"/home/Project_advanced_pledge/pledge-backend/schedule/services/tokenSymbolService.go:98","msg":"get remote abi file failed: status 0 {\"status\":\"0\",\"message\":\"NOTOK\",\"result\":\"You are using a deprecated V1 endpoint, switch to Etherscan API V2 using https://docs.etherscan.io/v2-migration\"}","serviceName":"pledge"}
{"level":"error","time":"2026-02-10T22:36:14.730+0800","line":"/home/Project_advanced_pledge/pledge-backend/schedule/services/tokenSymbolService.go:45","msg":"UpdateContractSymbol GetRemoteAbiFileByToken err CHR56get remote abi file failed: status 0 ","serviceName":"pledge"}
{"level":"error","time":"2026-02-10T22:36:15.530+0800","line":"/home/Project_advanced_pledge/pledge-backend/schedule/services/tokenSymbolService.go:98","msg":"get remote abi file failed: status 0 {\"status\":\"0\",\"message\":\"NOTOK\",\"result\":\"You are using a deprecated V1 endpoint, switch to Etherscan API V2 using https://docs.etherscan.io/v2-migration\"}","serviceName":"pledge"}
{"level":"error","time":"2026-02-10T22:36:15.530+0800","line":"/home/Project_advanced_pledge/pledge-backend/schedule/services/tokenSymbolService.go:45","msg":"UpdateContractSymbol GetRemoteAbiFileByToken err CP56get remote abi file failed: status 0 ","serviceName":"pledge"}
{"level":"error","time":"2026-02-10T22:36:16.721+0800","line":"/home/Project_advanced_pledge/pledge-backend/schedule/services/tokenSymbolService.go:98","msg":"get remote abi file failed: status 0 {\"status\":\"0\",\"message\":\"NOTOK\",\"result\":\"You are using a deprecated V1 endpoint, switch to Etherscan API V2 using https://docs.etherscan.io/v2-migration\"}","serviceName":"pledge"}
{"level":"error","time":"2026-02-10T22:36:16.721+0800","line":"/home/Project_advanced_pledge/pledge-backend/schedule/services/tokenSymbolService.go:45","msg":"UpdateContractSymbol GetRemoteAbiFileByToken err DERC56get remote abi file failed: status 0 ","serviceName":"pledge"}
{"level":"error","time":"2026-02-10T22:36:17.594+0800","line":"/home/Project_advanced_pledge/pledge-backend/schedule/services/tokenSymbolService.go:98","msg":"get remote abi file failed: status 0 {\"status\":\"0\",\"message\":\"NOTOK\",\"result\":\"You are using a deprecated V1 endpoint, switch to Etherscan API V2 using https://docs.etherscan.io/v2-migration\"}","serviceName":"pledge"}
{"level":"error","time":"2026-02-10T22:36:17.594+0800","line":"/home/Project_advanced_pledge/pledge-backend/schedule/services/tokenSymbolService.go:45","msg":"UpdateContractSymbol GetRemoteAbiFileByToken err DODO56get remote abi file failed: status 0 ","serviceName":"pledge"}
{"level":"error","time":"2026-02-10T22:36:17.958+0800","line":"/home/Project_advanced_pledge/pledge-backend/schedule/services/tokenSymbolService.go:98","msg":"get remote abi file failed: status 0 {\"status\":\"0\",\"message\":\"NOTOK\",\"result\":\"You are using a deprecated V1 endpoint, switch to Etherscan API V2 using https://docs.etherscan.io/v2-migration\"}","serviceName":"pledge"}
{"level":"error","time":"2026-02-10T22:36:17.959+0800","line":"/home/Project_advanced_pledge/pledge-backend/schedule/services/tokenSymbolService.go:45","msg":"UpdateContractSymbol GetRemoteAbiFileByToken err DOGE56get remote abi file failed: status 0 ","serviceName":"pledge"}
{"level":"error","time":"2026-02-10T22:36:18.384+0800","line":"/home/Project_advanced_pledge/pledge-backend/schedule/services/tokenSymbolService.go:98","msg":"get remote abi file failed: status 0 {\"status\":\"0\",\"message\":\"NOTOK\",\"result\":\"You are using a deprecated V1 endpoint, switch to Etherscan API V2 using https://docs.etherscan.io/v2-migration\"}","serviceName":"pledge"}
{"level":"error","time":"2026-02-10T22:36:18.384+0800","line":"/home/Project_advanced_pledge/pledge-backend/schedule/services/tokenSymbolService.go:45","msg":"UpdateContractSymbol GetRemoteAbiFileByToken err DPET56get remote abi file failed: status 0 ","serviceName":"pledge"}
{"level":"error","time":"2026-02-10T22:36:18.740+0800","line":"/home/Project_advanced_pledge/pledge-backend/schedule/services/tokenSymbolService.go:98","msg":"get remote abi file failed: status 0 {\"status\":\"0\",\"message\":\"NOTOK\",\"result\":\"You are using a deprecated V1 endpoint, switch to Etherscan API V2 using https://docs.etherscan.io/v2-migration\"}","serviceName":"pledge"}
{"level":"error","time":"2026-02-10T22:36:18.740+0800","line":"/home/Project_advanced_pledge/pledge-backend/schedule/services/tokenSymbolService.go:45","msg":"UpdateContractSymbol GetRemoteAbiFileByToken err DRACE56get remote abi file failed: status 0 ","serviceName":"pledge"}
{"level":"error","time":"2026-02-10T22:36:19.085+0800","line":"/home/Project_advanced_pledge/pledge-backend/schedule/services/tokenSymbolService.go:98","msg":"get remote abi file failed: status 0 {\"status\":\"0\",\"message\":\"NOTOK\",\"result\":\"You are using a deprecated V1 endpoint, switch to Etherscan API V2 using https://docs.etherscan.io/v2-migration\"}","serviceName":"pledge"}
{"level":"error","time":"2026-02-10T22:36:19.085+0800","line":"/home/Project_advanced_pledge/pledge-backend/schedule/services/tokenSymbolService.go:45","msg":"UpdateContractSymbol GetRemoteAbiFileByToken err DRS56get remote abi file failed: status 0 ","serviceName":"pledge"}
{"level":"error","time":"2026-02-10T22:36:19.939+0800","line":"/home/Project_advanced_pledge/pledge-backend/schedule/services/tokenSymbolService.go:98","msg":"get remote abi file failed: status 0 {\"status\":\"0\",\"message\":\"NOTOK\",\"result\":\"You are using a deprecated V1 endpoint, switch to Etherscan API V2 using https://docs.etherscan.io/v2-migration\"}","serviceName":"pledge"}
{"level":"error","time":"2026-02-10T22:36:19.939+0800","line":"/home/Project_advanced_pledge/pledge-backend/schedule/services/tokenSymbolService.go:45","msg":"UpdateContractSymbol GetRemoteAbiFileByToken err DVI56get remote abi file failed: status 0 ","serviceName":"pledge"}
{"level":"error","time":"2026-02-10T22:36:20.298+0800","line":"/home/Project_advanced_pledge/pledge-backend/schedule/services/tokenSymbolService.go:98","msg":"get remote abi file failed: status 0 {\"status\":\"0\",\"message\":\"NOTOK\",\"result\":\"You are using a deprecated V1 endpoint, switch to Etherscan API V2 using https://docs.etherscan.io/v2-migration\"}","serviceName":"pledge"}
{"level":"error","time":"2026-02-10T22:36:20.298+0800","line":"/home/Project_advanced_pledge/pledge-backend/schedule/services/tokenSymbolService.go:45","msg":"UpdateContractSymbol GetRemoteAbiFileByToken err ECC56get remote abi file failed: status 0 ","serviceName":"pledge"}
{"level":"error","time":"2026-02-10T22:36:20.908+0800","line":"/home/Project_advanced_pledge/pledge-backend/schedule/services/tokenSymbolService.go:98","msg":"get remote abi file failed: status 0 {\"status\":\"0\",\"message\":\"NOTOK\",\"result\":\"You are using a deprecated V1 endpoint, switch to Etherscan API V2 using https://docs.etherscan.io/v2-migration\"}","serviceName":"pledge"}
{"level":"error","time":"2026-02-10T22:36:20.908+0800","line":"/home/Project_advanced_pledge/pledge-backend/schedule/services/tokenSymbolService.go:45","msg":"UpdateContractSymbol GetRemoteAbiFileByToken err EPS56get remote abi file failed: status 0 ","serviceName":"pledge"}
{"level":"error","time":"2026-02-10T22:36:21.283+0800","line":"/home/Project_advanced_pledge/pledge-backend/schedule/services/tokenSymbolService.go:98","msg":"get remote abi file failed: status 0 {\"status\":\"0\",\"message\":\"NOTOK\",\"result\":\"You are using a deprecated V1 endpoint, switch to Etherscan API V2 using https://docs.etherscan.io/v2-migration\"}","serviceName":"pledge"}
{"level":"error","time":"2026-02-10T22:36:21.283+0800","line":"/home/Project_advanced_pledge/pledge-backend/schedule/services/tokenSymbolService.go:45","msg":"UpdateContractSymbol GetRemoteAbiFileByToken err FARA56get remote abi file failed: status 0 ","serviceName":"pledge"}
{"level":"error","time":"2026-02-10T22:36:21.648+0800","line":"/home/Project_advanced_pledge/pledge-backend/schedule/services/tokenSymbolService.go:98","msg":"get remote abi file failed: status 0 {\"status\":\"0\",\"message\":\"NOTOK\",\"result\":\"You are using a deprecated V1 endpoint, switch to Etherscan API V2 using https://docs.etherscan.io/v2-migration\"}","serviceName":"pledge"}
{"level":"error","time":"2026-02-10T22:36:21.648+0800","line":"/home/Project_advanced_pledge/pledge-backend/schedule/services/tokenSymbolService.go:45","msg":"UpdateContractSymbol GetRemoteAbiFileByToken err FLOKI56get remote abi file failed: status 0 ","serviceName":"pledge"}
{"level":"error","time":"2026-02-10T22:36:22.096+0800","line":"/home/Project_advanced_pledge/pledge-backend/schedule/services/tokenSymbolService.go:98","msg":"get remote abi file failed: status 0 {\"status\":\"0\",\"message\":\"NOTOK\",\"result\":\"You are using a deprecated V1 endpoint, switch to Etherscan API V2 using https://docs.etherscan.io/v2-migration\"}","serviceName":"pledge"}
{"level":"error","time":"2026-02-10T22:36:22.096+0800","line":"/home/Project_advanced_pledge/pledge-backend/schedule/services/tokenSymbolService.go:45","msg":"UpdateContractSymbol GetRemoteAbiFileByToken err FORM56get remote abi file failed: status 0 ","serviceName":"pledge"}
{"level":"error","time":"2026-02-10T22:36:22.720+0800","line":"/home/Project_advanced_pledge/pledge-backend/schedule/services/tokenSymbolService.go:98","msg":"get remote abi file failed: status 0 {\"status\":\"0\",\"message\":\"NOTOK\",\"result\":\"You are using a deprecated V1 endpoint, switch to Etherscan API V2 using https://docs.etherscan.io/v2-migration\"}","serviceName":"pledge"}
{"level":"error","time":"2026-02-10T22:36:22.720+0800","line":"/home/Project_advanced_pledge/pledge-backend/schedule/services/tokenSymbolService.go:45","msg":"UpdateContractSymbol GetRemoteAbiFileByToken err FRONT56get remote abi file failed: status 0 ","serviceName":"pledge"}
{"level":"error","time":"2026-02-10T22:36:23.085+0800","line":"/home/Project_advanced_pledge/pledge-backend/schedule/services/tokenSymbolService.go:98","msg":"get remote abi file failed: status 0 {\"status\":\"0\",\"message\":\"NOTOK\",\"result\":\"You are using a deprecated V1 endpoint, switch to Etherscan API V2 using https://docs.etherscan.io/v2-migration\"}","serviceName":"pledge"}
{"level":"error","time":"2026-02-10T22:36:23.086+0800","line":"/home/Project_advanced_pledge/pledge-backend/schedule/services/tokenSymbolService.go:45","msg":"UpdateContractSymbol GetRemoteAbiFileByToken err GOLD56get remote abi file failed: status 0 ","serviceName":"pledge"}
{"level":"error","time":"2026-02-10T22:36:23.442+0800","line":"/home/Project_advanced_pledge/pledge-backend/schedule/services/tokenSymbolService.go:98","msg":"get remote abi file failed: status 0 {\"status\":\"0\",\"message\":\"NOTOK\",\"result\":\"You are using a deprecated V1 endpoint, switch to Etherscan API V2 using https://docs.etherscan.io/v2-migration\"}","serviceName":"pledge"}
{"level":"error","time":"2026-02-10T22:36:23.442+0800","line":"/home/Project_advanced_pledge/pledge-backend/schedule/services/tokenSymbolService.go:45","msg":"UpdateContractSymbol GetRemoteAbiFileByToken err HERO56get remote abi file failed: status 0 ","serviceName":"pledge"}
{"level":"error","time":"2026-02-10T22:36:24.868+0800","line":"/home/Project_advanced_pledge/pledge-backend/schedule/services/tokenSymbolService.go:98","msg":"get remote abi file failed: status 0 {\"status\":\"0\",\"message\":\"NOTOK\",\"result\":\"You are using a deprecated V1 endpoint, switch to Etherscan API V2 using https://docs.etherscan.io/v2-migration\"}","serviceName":"pledge"}
{"level":"error","time":"2026-02-10T22:36:24.868+0800","line":"/home/Project_advanced_pledge/pledge-backend/schedule/services/tokenSymbolService.go:45","msg":"UpdateContractSymbol GetRemoteAbiFileByToken err HERO56get remote abi file failed: status 0 ","serviceName":"pledge"}
{"level":"error","time":"2026-02-10T22:36:25.231+0800","line":"/home/Project_advanced_pledge/pledge-backend/schedule/services/tokenSymbolService.go:98","msg":"get remote abi file failed: status 0 {\"status\":\"0\",\"message\":\"NOTOK\",\"result\":\"You are using a deprecated V1 endpoint, switch to Etherscan API V2 using https://docs.etherscan.io/v2-migration\"}","serviceName":"pledge"}
{"level":"error","time":"2026-02-10T22:36:25.231+0800","line":"/home/Project_advanced_pledge/pledge-backend/schedule/services/tokenSymbolService.go:45","msg":"UpdateContractSymbol GetRemoteAbiFileByToken err HONEY56get remote abi file failed: status 0 ","serviceName":"pledge"}
{"level":"error","time":"2026-02-10T22:36:26.035+0800","line":"/home/Project_advanced_pledge/pledge-backend/schedule/services/tokenSymbolService.go:98","msg":"get remote abi file failed: status 0 {\"status\":\"0\",\"message\":\"NOTOK\",\"result\":\"You are using a deprecated V1 endpoint, switch to Etherscan API V2 using https://docs.etherscan.io/v2-migration\"}","serviceName":"pledge"}
{"level":"error","time":"2026-02-10T22:36:26.035+0800","line":"/home/Project_advanced_pledge/pledge-backend/schedule/services/tokenSymbolService.go:45","msg":"UpdateContractSymbol GetRemoteAbiFileByToken err HUNNY56get remote abi file failed: status 0 ","serviceName":"pledge"}
{"level":"error","time":"2026-02-10T22:36:26.402+0800","line":"/home/Project_advanced_pledge/pledge-backend/schedule/services/tokenSymbolService.go:98","msg":"get remote abi file failed: status 0 {\"status\":\"0\",\"message\":\"NOTOK\",\"result\":\"You are using a deprecated V1 endpoint, switch to Etherscan API V2 using https://docs.etherscan.io/v2-migration\"}","serviceName":"pledge"}
{"level":"error","time":"2026-02-10T22:36:26.402+0800","line":"/home/Project_advanced_pledge/pledge-backend/schedule/services/tokenSymbolService.go:45","msg":"UpdateContractSymbol GetRemoteAbiFileByToken err INJ56get remote abi file failed: status 0 ","serviceName":"pledge"}
{"level":"error","time":"2026-02-10T22:36:27.029+0800","line":"/home/Project_advanced_pledge/pledge-backend/schedule/services/tokenSymbolService.go:98","msg":"get remote abi file failed: status 0 {\"status\":\"0\",\"message\":\"NOTOK\",\"result\":\"You are using a deprecated V1 endpoint, switch to Etherscan API V2 using https://docs.etherscan.io/v2-migration\"}","serviceName":"pledge"}
{"level":"error","time":"2026-02-10T22:36:27.029+0800","line":"/home/Project_advanced_pledge/pledge-backend/schedule/services/tokenSymbolService.go:45","msg":"UpdateContractSymbol GetRemoteAbiFileByToken err IOTX56get remote abi file failed: status 0 ","serviceName":"pledge"}
{"level":"error","time":"2026-02-10T22:36:27.398+0800","line":"/home/Project_advanced_pledge/pledge-backend/schedule/services/tokenSymbolService.go:98","msg":"get remote abi file failed: status 0 {\"status\":\"0\",\"message\":\"NOTOK\",\"result\":\"You are using a deprecated V1 endpoint, switch to Etherscan API V2 using https://docs.etherscan.io/v2-migration\"}","serviceName":"pledge"}
{"level":"error","time":"2026-02-10T22:36:27.398+0800","line":"/home/Project_advanced_pledge/pledge-backend/schedule/services/tokenSymbolService.go:45","msg":"UpdateContractSymbol GetRemoteAbiFileByToken err KABY56get remote abi file failed: status 0 ","serviceName":"pledge"}
{"level":"error","time":"2026-02-10T22:36:27.749+0800","line":"/home/Project_advanced_pledge/pledge-backend/schedule/services/tokenSymbolService.go:98","msg":"get remote abi file failed: status 0 {\"status\":\"0\",\"message\":\"NOTOK\",\"result\":\"You are using a deprecated V1 endpoint, switch to Etherscan API V2 using https://docs.etherscan.io/v2-migration\"}","serviceName":"pledge"}
{"level":"error","time":"2026-02-10T22:36:27.749+0800","line":"/home/Project_advanced_pledge/pledge-backend/schedule/services/tokenSymbolService.go:45","msg":"UpdateContractSymbol GetRemoteAbiFileByToken err KMON56get remote abi file failed: status 0 ","serviceName":"pledge"}
{"level":"error","time":"2026-02-10T22:36:28.212+0800","line":"/home/Project_advanced_pledge/pledge-backend/schedule/services/tokenSymbolService.go:98","msg":"get remote abi file failed: status 0 {\"status\":\"0\",\"message\":\"NOTOK\",\"result\":\"You are using a deprecated V1 endpoint, switch to Etherscan API V2 using https://docs.etherscan.io/v2-migration\"}","serviceName":"pledge"}
{"level":"error","time":"2026-02-10T22:36:28.212+0800","line":"/home/Project_advanced_pledge/pledge-backend/schedule/services/tokenSymbolService.go:45","msg":"UpdateContractSymbol GetRemoteAbiFileByToken err LINA56get remote abi file failed: status 0 ","serviceName":"pledge"}
{"level":"error","time":"2026-02-10T22:36:28.564+0800","line":"/home/Project_advanced_pledge/pledge-backend/schedule/services/tokenSymbolService.go:98","msg":"get remote abi file failed: status 0 {\"status\":\"0\",\"message\":\"NOTOK\",\"result\":\"You are using a deprecated V1 endpoint, switch to Etherscan API V2 using https://docs.etherscan.io/v2-migration\"}","serviceName":"pledge"}
{"level":"error","time":"2026-02-10T22:36:28.564+0800","line":"/home/Project_advanced_pledge/pledge-backend/schedule/services/tokenSymbolService.go:45","msg":"UpdateContractSymbol GetRemoteAbiFileByToken err LINK56get remote abi file failed: status 0 ","serviceName":"pledge"}
{"level":"error","time":"2026-02-10T22:36:28.955+0800","line":"/home/Project_advanced_pledge/pledge-backend/schedule/services/tokenSymbolService.go:98","msg":"get remote abi file failed: status 0 {\"status\":\"0\",\"message\":\"NOTOK\",\"result\":\"You are using a deprecated V1 endpoint, switch to Etherscan API V2 using https://docs.etherscan.io/v2-migration\"}","serviceName":"pledge"}
{"level":"error","time":"2026-02-10T22:36:28.956+0800","line":"/home/Project_advanced_pledge/pledge-backend/schedule/services/tokenSymbolService.go:45","msg":"UpdateContractSymbol GetRemoteAbiFileByToken err MASK56get remote abi file failed: status 0 ","serviceName":"pledge"}
{"level":"error","time":"2026-02-10T22:36:29.426+0800","line":"/home/Project_advanced_pledge/pledge-backend/schedule/services/tokenSymbolService.go:98","msg":"get remote abi file failed: status 0 {\"status\":\"0\",\"message\":\"NOTOK\",\"result\":\"You are using a deprecated V1 endpoint, switch to Etherscan API V2 using https://docs.etherscan.io/v2-migration\"}","serviceName":"pledge"}
{"level":"error","time":"2026-02-10T22:36:29.426+0800","line":"/home/Project_advanced_pledge/pledge-backend/schedule/services/tokenSymbolService.go:45","msg":"UpdateContractSymbol GetRemoteAbiFileByToken err MBOX56get remote abi file failed: status 0 ","serviceName":"pledge"}
{"level":"error","time":"2026-02-10T22:36:29.887+0800","line":"/home/Project_advanced_pledge/pledge-backend/schedule/services/tokenSymbolService.go:98","msg":"get remote abi file failed: status 0 {\"status\":\"0\",\"message\":\"NOTOK\",\"result\":\"You are using a deprecated V1 endpoint, switch to Etherscan API V2 using https://docs.etherscan.io/v2-migration\"}","serviceName":"pledge"}
{"level":"error","time":"2026-02-10T22:36:29.887+0800","line":"/home/Project_advanced_pledge/pledge-backend/schedule/services/tokenSymbolService.go:45","msg":"UpdateContractSymbol GetRemoteAbiFileByToken err MINIFOOTBALL56get remote abi file failed: status 0 ","serviceName":"pledge"}
{"level":"error","time":"2026-02-10T22:36:30.317+0800","line":"/home/Project_advanced_pledge/pledge-backend/schedule/services/tokenSymbolService.go:98","msg":"get remote abi file failed: status 0 {\"status\":\"0\",\"message\":\"NOTOK\",\"result\":\"You are using a deprecated V1 endpoint, switch to Etherscan API V2 using https://docs.etherscan.io/v2-migration\"}","serviceName":"pledge"}
{"level":"error","time":"2026-02-10T22:36:30.318+0800","line":"/home/Project_advanced_pledge/pledge-backend/schedule/services/tokenSymbolService.go:45","msg":"UpdateContractSymbol GetRemoteAbiFileByToken err MIST56get remote abi file failed: status 0 ","serviceName":"pledge"}
{"level":"error","time":"2026-02-10T22:36:31.114+0800","line":"/home/Project_advanced_pledge/pledge-backend/schedule/services/tokenSymbolService.go:98","msg":"get remote abi file failed: status 0 {\"status\":\"0\",\"message\":\"NOTOK\",\"result\":\"You are using a deprecated V1 endpoint, switch to Etherscan API V2 using https://docs.etherscan.io/v2-migration\"}","serviceName":"pledge"}
{"level":"error","time":"2026-02-10T22:36:31.114+0800","line":"/home/Project_advanced_pledge/pledge-backend/schedule/services/tokenSymbolService.go:45","msg":"UpdateContractSymbol GetRemoteAbiFileByToken err MND56get remote abi file failed: status 0 ","serviceName":"pledge"}
{"level":"error","time":"2026-02-10T22:36:31.472+0800","line":"/home/Project_advanced_pledge/pledge-backend/schedule/services/tokenSymbolService.go:98","msg":"get remote abi file failed: status 0 {\"status\":\"0\",\"message\":\"NOTOK\",\"result\":\"You are using a deprecated V1 endpoint, switch to Etherscan API V2 using https://docs.etherscan.io/v2-migration\"}","serviceName":"pledge"}
{"level":"error","time":"2026-02-10T22:36:31.472+0800","line":"/home/Project_advanced_pledge/pledge-backend/schedule/services/tokenSymbolService.go:45","msg":"UpdateContractSymbol GetRemoteAbiFileByToken err MONI56get remote abi file failed: status 0 ","serviceName":"pledge"}
{"level":"error","time":"2026-02-10T22:36:31.814+0800","line":"/home/Project_advanced_pledge/pledge-backend/schedule/services/tokenSymbolService.go:98","msg":"get remote abi file failed: status 0 {\"status\":\"0\",\"message\":\"NOTOK\",\"result\":\"You are using a deprecated V1 endpoint, switch to Etherscan API V2 using https://docs.etherscan.io/v2-migration\"}","serviceName":"pledge"}
{"level":"error","time":"2026-02-10T22:36:31.814+0800","line":"/home/Project_advanced_pledge/pledge-backend/schedule/services/tokenSymbolService.go:45","msg":"UpdateContractSymbol GetRemoteAbiFileByToken err NAFT56get remote abi file failed: status 0 ","serviceName":"pledge"}
{"level":"error","time":"2026-02-10T22:36:32.556+0800","line":"/home/Project_advanced_pledge/pledge-backend/schedule/services/tokenSymbolService.go:98","msg":"get remote abi file failed: status 0 {\"status\":\"0\",\"message\":\"NOTOK\",\"result\":\"You are using a deprecated V1 endpoint, switch to Etherscan API V2 using https://docs.etherscan.io/v2-migration\"}","serviceName":"pledge"}
{"level":"error","time":"2026-02-10T22:36:32.556+0800","line":"/home/Project_advanced_pledge/pledge-backend/schedule/services/tokenSymbolService.go:45","msg":"UpdateContractSymbol GetRemoteAbiFileByToken err NBL56get remote abi file failed: status 0 ","serviceName":"pledge"}
{"level":"error","time":"2026-02-10T22:36:33.137+0800","line":"/home/Project_advanced_pledge/pledge-backend/schedule/services/tokenSymbolService.go:98","msg":"get remote abi file failed: status 0 {\"status\":\"0\",\"message\":\"NOTOK\",\"result\":\"You are using a deprecated V1 endpoint, switch to Etherscan API V2 using https://docs.etherscan.io/v2-migration\"}","serviceName":"pledge"}
{"level":"error","time":"2026-02-10T22:36:33.137+0800","line":"/home/Project_advanced_pledge/pledge-backend/schedule/services/tokenSymbolService.go:45","msg":"UpdateContractSymbol GetRemoteAbiFileByToken err NFTB56get remote abi file failed: status 0 ","serviceName":"pledge"}
{"level":"error","time":"2026-02-10T22:36:33.752+0800","line":"/home/Project_advanced_pledge/pledge-backend/schedule/services/tokenSymbolService.go:98","msg":"get remote abi file failed: status 0 {\"status\":\"0\",\"message\":\"NOTOK\",\"result\":\"You are using a deprecated V1 endpoint, switch to Etherscan API V2 using https://docs.etherscan.io/v2-migration\"}","serviceName":"pledge"}
{"level":"error","time":"2026-02-10T22:36:33.752+0800","line":"/home/Project_advanced_pledge/pledge-backend/schedule/services/tokenSymbolService.go:45","msg":"UpdateContractSymbol GetRemoteAbiFileByToken err NRV56get remote abi file failed: status 0 ","serviceName":"pledge"}
{"level":"error","time":"2026-02-10T22:36:34.506+0800","line":"/home/Project_advanced_pledge/pledge-backend/schedule/services/tokenSymbolService.go:98","msg":"get remote abi file failed: status 0 {\"status\":\"0\",\"message\":\"NOTOK\",\"result\":\"You are using a deprecated V1 endpoint, switch to Etherscan API V2 using https://docs.etherscan.io/v2-migration\"}","serviceName":"pledge"}
{"level":"error","time":"2026-02-10T22:36:34.506+0800","line":"/home/Project_advanced_pledge/pledge-backend/schedule/services/tokenSymbolService.go:45","msg":"UpdateContractSymbol GetRemoteAbiFileByToken err ONE56get remote abi file failed: status 0 ","serviceName":"pledge"}
{"level":"error","time":"2026-02-10T22:36:34.867+0800","line":"/home/Project_advanced_pledge/pledge-backend/schedule/services/tokenSymbolService.go:98","msg":"get remote abi file failed: status 0 {\"status\":\"0\",\"message\":\"NOTOK\",\"result\":\"You are using a deprecated V1 endpoint, switch to Etherscan API V2 using https://docs.etherscan.io/v2-migration\"}","serviceName":"pledge"}
{"level":"error","time":"2026-02-10T22:36:34.867+0800","line":"/home/Project_advanced_pledge/pledge-backend/schedule/services/tokenSymbolService.go:45","msg":"UpdateContractSymbol GetRemoteAbiFileByToken err PAID56get remote abi file failed: status 0 ","serviceName":"pledge"}
{"level":"error","time":"2026-02-10T22:36:35.526+0800","line":"/home/Project_advanced_pledge/pledge-backend/schedule/services/tokenSymbolService.go:98","msg":"get remote abi file failed: status 0 {\"status\":\"0\",\"message\":\"NOTOK\",\"result\":\"You are using a deprecated V1 endpoint, switch to Etherscan API V2 using https://docs.etherscan.io/v2-migration\"}","serviceName":"pledge"}
{"level":"error","time":"2026-02-10T22:36:35.526+0800","line":"/home/Project_advanced_pledge/pledge-backend/schedule/services/tokenSymbolService.go:45","msg":"UpdateContractSymbol GetRemoteAbiFileByToken err PETG56get remote abi file failed: status 0 ","serviceName":"pledge"}
{"level":"error","time":"2026-02-10T22:36:35.884+0800","line":"/home/Project_advanced_pledge/pledge-backend/schedule/services/tokenSymbolService.go:98","msg":"get remote abi file failed: status 0 {\"status\":\"0\",\"message\":\"NOTOK\",\"result\":\"You are using a deprecated V1 endpoint, switch to Etherscan API V2 using https://docs.etherscan.io/v2-migration\"}","serviceName":"pledge"}
{"level":"error","time":"2026-02-10T22:36:35.884+0800","line":"/home/Project_advanced_pledge/pledge-backend/schedule/services/tokenSymbolService.go:45","msg":"UpdateContractSymbol GetRemoteAbiFileByToken err PINK56get remote abi file failed: status 0 ","serviceName":"pledge"}
{"level":"error","time":"2026-02-10T22:36:36.248+0800","line":"/home/Project_advanced_pledge/pledge-backend/schedule/services/tokenSymbolService.go:98","msg":"get remote abi file failed: status 0 {\"status\":\"0\",\"message\":\"NOTOK\",\"result\":\"You are using a deprecated V1 endpoint, switch to Etherscan API V2 using https://docs.etherscan.io/v2-migration\"}","serviceName":"pledge"}
{"level":"error","time":"2026-02-10T22:36:36.248+0800","line":"/home/Project_advanced_pledge/pledge-backend/schedule/services/tokenSymbolService.go:45","msg":"UpdateContractSymbol GetRemoteAbiFileByToken err PMON56get remote abi file failed: status 0 ","serviceName":"pledge"}
{"level":"error","time":"2026-02-10T22:36:36.618+0800","line":"/home/Project_advanced_pledge/pledge-backend/schedule/services/tokenSymbolService.go:98","msg":"get remote abi file failed: status 0 {\"status\":\"0\",\"message\":\"NOTOK\",\"result\":\"You are using a deprecated V1 endpoint, switch to Etherscan API V2 using https://docs.etherscan.io/v2-migration\"}","serviceName":"pledge"}
{"level":"error","time":"2026-02-10T22:36:36.618+0800","line":"/home/Project_advanced_pledge/pledge-backend/schedule/services/tokenSymbolService.go:45","msg":"UpdateContractSymbol GetRemoteAbiFileByToken err POCO56get remote abi file failed: status 0 ","serviceName":"pledge"}
{"level":"error","time":"2026-02-10T22:36:36.985+0800","line":"/home/Project_advanced_pledge/pledge-backend/schedule/services/tokenSymbolService.go:98","msg":"get remote abi file failed: status 0 {\"status\":\"0\",\"message\":\"NOTOK\",\"result\":\"You are using a deprecated V1 endpoint, switch to Etherscan API V2 using https://docs.etherscan.io/v2-migration\"}","serviceName":"pledge"}
{"level":"error","time":"2026-02-10T22:36:36.985+0800","line":"/home/Project_advanced_pledge/pledge-backend/schedule/services/tokenSymbolService.go:45","msg":"UpdateContractSymbol GetRemoteAbiFileByToken err POTS56get remote abi file failed: status 0 ","serviceName":"pledge"}
{"level":"error","time":"2026-02-10T22:36:37.525+0800","line":"/home/Project_advanced_pledge/pledge-backend/schedule/services/tokenSymbolService.go:98","msg":"get remote abi file failed: status 0 {\"status\":\"0\",\"message\":\"NOTOK\",\"result\":\"You are using a deprecated V1 endpoint, switch to Etherscan API V2 using https://docs.etherscan.io/v2-migration\"}","serviceName":"pledge"}
{"level":"error","time":"2026-02-10T22:36:37.525+0800","line":"/home/Project_advanced_pledge/pledge-backend/schedule/services/tokenSymbolService.go:45","msg":"UpdateContractSymbol GetRemoteAbiFileByToken err PVU56get remote abi file failed: status 0 ","serviceName":"pledge"}
{"level":"error","time":"2026-02-10T22:36:37.899+0800","line":"/home/Project_advanced_pledge/pledge-backend/schedule/services/tokenSymbolService.go:98","msg":"get remote abi file failed: status 0 {\"status\":\"0\",\"message\":\"NOTOK\",\"result\":\"You are using a deprecated V1 endpoint, switch to Etherscan API V2 using https://docs.etherscan.io/v2-migration\"}","serviceName":"pledge"}
{"level":"error","time":"2026-02-10T22:36:37.899+0800","line":"/home/Project_advanced_pledge/pledge-backend/schedule/services/tokenSymbolService.go:45","msg":"UpdateContractSymbol GetRemoteAbiFileByToken err PWT56get remote abi file failed: status 0 ","serviceName":"pledge"}
{"level":"error","time":"2026-02-10T22:36:38.259+0800","line":"/home/Project_advanced_pledge/pledge-backend/schedule/services/tokenSymbolService.go:98","msg":"get remote abi file failed: status 0 {\"status\":\"0\",\"message\":\"NOTOK\",\"result\":\"You are using a deprecated V1 endpoint, switch to Etherscan API V2 using https://docs.etherscan.io/v2-migration\"}","serviceName":"pledge"}
{"level":"error","time":"2026-02-10T22:36:38.259+0800","line":"/home/Project_advanced_pledge/pledge-backend/schedule/services/tokenSymbolService.go:45","msg":"UpdateContractSymbol GetRemoteAbiFileByToken err QBT56get remote abi file failed: status 0 ","serviceName":"pledge"}
{"level":"error","time":"2026-02-10T22:36:38.610+0800","line":"/home/Project_advanced_pledge/pledge-backend/schedule/services/tokenSymbolService.go:98","msg":"get remote abi file failed: status 0 {\"status\":\"0\",\"message\":\"NOTOK\",\"result\":\"You are using a deprecated V1 endpoint, switch to Etherscan API V2 using https://docs.etherscan.io/v2-migration\"}","serviceName":"pledge"}
{"level":"error","time":"2026-02-10T22:36:38.610+0800","line":"/home/Project_advanced_pledge/pledge-backend/schedule/services/tokenSymbolService.go:45","msg":"UpdateContractSymbol GetRemoteAbiFileByToken err RACA56get remote abi file failed: status 0 ","serviceName":"pledge"}
{"level":"error","time":"2026-02-10T22:36:39.236+0800","line":"/home/Project_advanced_pledge/pledge-backend/schedule/services/tokenSymbolService.go:98","msg":"get remote abi file failed: status 0 {\"status\":\"0\",\"message\":\"NOTOK\",\"result\":\"You are using a deprecated V1 endpoint, switch to Etherscan API V2 using https://docs.etherscan.io/v2-migration\"}","serviceName":"pledge"}
{"level":"error","time":"2026-02-10T22:36:39.236+0800","line":"/home/Project_advanced_pledge/pledge-backend/schedule/services/tokenSymbolService.go:45","msg":"UpdateContractSymbol GetRemoteAbiFileByToken err RAMP56get remote abi file failed: status 0 ","serviceName":"pledge"}
{"level":"error","time":"2026-02-10T22:36:39.592+0800","line":"/home/Project_advanced_pledge/pledge-backend/schedule/services/tokenSymbolService.go:98","msg":"get remote abi file failed: status 0 {\"status\":\"0\",\"message\":\"NOTOK\",\"result\":\"You are using a deprecated V1 endpoint, switch to Etherscan API V2 using https://docs.etherscan.io/v2-migration\"}","serviceName":"pledge"}
{"level":"error","time":"2026-02-10T22:36:39.592+0800","line":"/home/Project_advanced_pledge/pledge-backend/schedule/services/tokenSymbolService.go:45","msg":"UpdateContractSymbol GetRemoteAbiFileByToken err REEF56get remote abi file failed: status 0 ","serviceName":"pledge"}
{"level":"error","time":"2026-02-10T22:36:39.937+0800","line":"/home/Project_advanced_pledge/pledge-backend/schedule/services/tokenSymbolService.go:98","msg":"get remote abi file failed: status 0 {\"status\":\"0\",\"message\":\"NOTOK\",\"result\":\"You are using a deprecated V1 endpoint, switch to Etherscan API V2 using https://docs.etherscan.io/v2-migration\"}","serviceName":"pledge"}
{"level":"error","time":"2026-02-10T22:36:39.937+0800","line":"/home/Project_advanced_pledge/pledge-backend/schedule/services/tokenSymbolService.go:45","msg":"UpdateContractSymbol GetRemoteAbiFileByToken err RUSD56get remote abi file failed: status 0 ","serviceName":"pledge"}
{"level":"error","time":"2026-02-10T22:36:40.286+0800","line":"/home/Project_advanced_pledge/pledge-backend/schedule/services/tokenSymbolService.go:98","msg":"get remote abi file failed: status 0 {\"status\":\"0\",\"message\":\"NOTOK\",\"result\":\"You are using a deprecated V1 endpoint, switch to Etherscan API V2 using https://docs.etherscan.io/v2-migration\"}","serviceName":"pledge"}
{"level":"error","time":"2026-02-10T22:36:40.286+0800","line":"/home/Project_advanced_pledge/pledge-backend/schedule/services/tokenSymbolService.go:45","msg":"UpdateContractSymbol GetRemoteAbiFileByToken err SFP56get remote abi file failed: status 0 ","serviceName":"pledge"}
{"level":"error","time":"2026-02-10T22:36:40.649+0800","line":"/home/Project_advanced_pledge/pledge-backend/schedule/services/tokenSymbolService.go:98","msg":"get remote abi file failed: status 0 {\"status\":\"0\",\"message\":\"NOTOK\",\"result\":\"You are using a deprecated V1 endpoint, switch to Etherscan API V2 using https://docs.etherscan.io/v2-migration\"}","serviceName":"pledge"}
{"level":"error","time":"2026-02-10T22:36:40.649+0800","line":"/home/Project_advanced_pledge/pledge-backend/schedule/services/tokenSymbolService.go:45","msg":"UpdateContractSymbol GetRemoteAbiFileByToken err SFUND56get remote abi file failed: status 0 ","serviceName":"pledge"}
{"level":"error","time":"2026-02-10T22:36:41.300+0800","line":"/home/Project_advanced_pledge/pledge-backend/schedule/services/tokenSymbolService.go:98","msg":"get remote abi file failed: status 0 {\"status\":\"0\",\"message\":\"NOTOK\",\"result\":\"You are using a deprecated V1 endpoint, switch to Etherscan API V2 using https://docs.etherscan.io/v2-migration\"}","serviceName":"pledge"}
{"level":"error","time":"2026-02-10T22:36:41.300+0800","line":"/home/Project_advanced_pledge/pledge-backend/schedule/services/tokenSymbolService.go:45","msg":"UpdateContractSymbol GetRemoteAbiFileByToken err SHI56get remote abi file failed: status 0 ","serviceName":"pledge"}
